-------------------------------------------------------------------------------
Test set: com.mkyong.BookRepositoryTest
-------------------------------------------------------------------------------
Tests run: 1, Failures: 0, Errors: 1, Skipped: 0, Time elapsed: 5.527 s <<< FAILURE! - in com.mkyong.BookRepositoryTest
testFindByName(com.mkyong.BookRepositoryTest)  Time elapsed: 0.001 s  <<< ERROR!
java.lang.IllegalStateException: Failed to load ApplicationContext
Caused by: org.springframework.beans.factory.BeanCreationException: Error creating bean with name 'entityManagerFactory' defined in class path resource [org/springframework/boot/autoconfigure/orm/jpa/HibernateJpaConfiguration.class]: Invocation of init method failed; nested exception is org.hibernate.AnnotationException: @OneToOne or @ManyToOne on com.mkyong.entity.TermStudentCorse.techer references an unknown entity: com.mkyong.entity.Techer
Caused by: org.hibernate.AnnotationException: @OneToOne or @ManyToOne on com.mkyong.entity.TermStudentCorse.techer references an unknown entity: com.mkyong.entity.Techer

